This is pdfTeX, Version 3.1415926-1.40.10 (MiKTeX 2.8) (preloaded format=pdflatex 2009.12.11)  5 JUL 2013 23:45
entering extended mode
**report.tex

("F:\Dokumente\eigene Dokumente\Studium\Master\2. Sem\Data Analytics\case studi
es\Report\report.tex"
LaTeX2e <2005/12/01>
Babel <v3.8l> and hyphenation patterns for english, dumylang, nohyphenation, ge
rman, ngerman, german-x-2009-06-19, ngerman-x-2009-06-19, french, loaded.
("E:\Program Files\MiKTeX 2.8\tex\latex\koma-script\scrartcl.cls"
Document Class: scrartcl 2011/06/16 v3.09a KOMA-Script document class (article)

("E:\Program Files\MiKTeX 2.8\tex\latex\koma-script\scrkbase.sty"
Package: scrkbase 2011/06/16 v3.09a KOMA-Script package (KOMA-Script-dependent 
basics and keyval usage)

("E:\Program Files\MiKTeX 2.8\tex\latex\koma-script\scrbase.sty"
Package: scrbase 2011/06/16 v3.09a KOMA-Script package (KOMA-Script-independent
 basics and keyval usage)

("E:\Program Files\MiKTeX 2.8\tex\latex\graphics\keyval.sty"
Package: keyval 1999/03/16 v1.13 key=value parser (DPC)
\KV@toks@=\toks14
)
("E:\Program Files\MiKTeX 2.8\tex\latex\koma-script\scrlfile.sty"
Package: scrlfile 2011/03/09 v3.09 KOMA-Script package (loading files)

Package scrlfile, 2011/03/09 v3.09 KOMA-Script package (loading files)
                  Copyright (C) Markus Kohm

))) ("E:\Program Files\MiKTeX 2.8\tex\latex\koma-script\tocbasic.sty"
Package: tocbasic 2011/05/30 v3.09a KOMA-Script package (handling toc-files)
)
Package tocbasic Info: omitting babel extension for `toc'
(tocbasic)             because of feature `nobabel' available
(tocbasic)             for `toc' on input line 115.
Package tocbasic Info: omitting babel extension for `lof'
(tocbasic)             because of feature `nobabel' available
(tocbasic)             for `lof' on input line 116.
Package tocbasic Info: omitting babel extension for `lot'
(tocbasic)             because of feature `nobabel' available
(tocbasic)             for `lot' on input line 117.
Package scrartcl Info: You've used obsolete option `12pt'.
(scrartcl)             \KOMAExecuteOptions{fontsize=12pt} will be
(scrartcl)             used instead.
(scrartcl)             You may simply replace `12pt'
(scrartcl)             by `fontsize=12pt'.
Class scrartcl Info: File `scrsize12pt.clo' used to setup font sizes on input l
ine 1247.

("E:\Program Files\MiKTeX 2.8\tex\latex\koma-script\scrsize12pt.clo"
File: scrsize12pt.clo 2011/06/16 v3.09a KOMA-Script font size class option (12p
t)
)
("E:\Program Files\MiKTeX 2.8\tex\latex\koma-script\typearea.sty"
Package: typearea 2011/06/16 v3.09a KOMA-Script package (type area)

Package typearea, 2011/06/16 v3.09a KOMA-Script package (type area)
                  Copyright (C) Frank Neukam, 1992-1994
                  Copyright (C) Markus Kohm, 1994-

\ta@bcor=\skip41
\ta@div=\count79
Package typearea Info: You've used standard option `a4paper'.
(typearea)             This is correct!
(typearea)             Internally I'm using `paper=a4'.
(typearea)             If you'd like to set the option with \KOMAoptions,
(typearea)             you'd have to use `paper=a4' there
(typearea)             instead of `a4paper', too.
\ta@hblk=\skip42
\ta@vblk=\skip43
\ta@temp=\skip44
Package typearea Info: These are the values describing the layout:
(typearea)             DIV  = 12
(typearea)             BCOR = 0.0pt
(typearea)             \paperwidth      = 597.50793pt
(typearea)              \textwidth      = 448.13095pt
(typearea)              DIV departure   = -6%
(typearea)              \evensidemargin = 2.4185pt
(typearea)              \oddsidemargin  = 2.4185pt
(typearea)             \paperheight     = 845.04694pt
(typearea)              \textheight     = 606.5pt
(typearea)              \topmargin      = -1.84941pt
(typearea)              \headheight     = 18.125pt
(typearea)              \headsep        = 21.75pt
(typearea)              \topskip        = 12.0pt
(typearea)              \footskip       = 50.75pt
(typearea)              \baselineskip   = 14.5pt
(typearea)              on input line 1139.
)
\c@part=\count80
\c@section=\count81
\c@subsection=\count82
\c@subsubsection=\count83
\c@paragraph=\count84
\c@subparagraph=\count85
\abovecaptionskip=\skip45
\belowcaptionskip=\skip46
\c@pti@nb@sid@b@x=\box26
\c@figure=\count86
\c@table=\count87
\bibindent=\dimen102
) ("E:\Program Files\MiKTeX 2.8\tex\latex\geometry\geometry.sty"
Package: geometry 2008/12/21 v4.2 Page Geometry

("E:\Program Files\MiKTeX 2.8\tex\generic\oberdiek\ifpdf.sty"
Package: ifpdf 2009/04/10 v2.0 Provides the ifpdf switch (HO)
Package ifpdf Info: pdfTeX in pdf mode detected.
)
("E:\Program Files\MiKTeX 2.8\tex\generic\oberdiek\ifvtex.sty"
Package: ifvtex 2008/11/04 v1.4 Switches for detecting VTeX and its modes (HO)
Package ifvtex Info: VTeX not detected.
)
\Gm@cnth=\count88
\Gm@cntv=\count89
\c@Gm@tempcnt=\count90
\Gm@bindingoffset=\dimen103
\Gm@wd@mp=\dimen104
\Gm@odd@mp=\dimen105
\Gm@even@mp=\dimen106
\Gm@dimlist=\toks15

("E:\Program Files\MiKTeX 2.8\tex\latex\geometry\geometry.cfg"))
("E:\Program Files\MiKTeX 2.8\tex\latex\base\inputenc.sty"
Package: inputenc 2006/05/05 v1.1b Input encoding file
\inpenc@prehook=\toks16
\inpenc@posthook=\toks17

("E:\Program Files\MiKTeX 2.8\tex\latex\base\utf8.def"
File: utf8.def 2006/03/30 v1.1i UTF-8 support for inputenc
Now handling font encoding OML ...
... no UTF-8 mapping file for font encoding OML
Now handling font encoding T1 ...
... processing UTF-8 mapping file for font encodingT1

("E:\Program Files\MiKTeX 2.8\tex\latex\base\t1enc.dfu"
File: t1enc.dfu 2006/03/30 v1.1i UTF-8 support for inputenc
   defining Unicode char U+00A1 (decimal 161)
   defining Unicode char U+00A3 (decimal 163)
   defining Unicode char U+00AB (decimal 171)
   defining Unicode char U+00BB (decimal 187)
   defining Unicode char U+00BF (decimal 191)
   defining Unicode char U+00C0 (decimal 192)
   defining Unicode char U+00C1 (decimal 193)
   defining Unicode char U+00C2 (decimal 194)
   defining Unicode char U+00C3 (decimal 195)
   defining Unicode char U+00C4 (decimal 196)
   defining Unicode char U+00C5 (decimal 197)
   defining Unicode char U+00C6 (decimal 198)
   defining Unicode char U+00C7 (decimal 199)
   defining Unicode char U+00C8 (decimal 200)
   defining Unicode char U+00C9 (decimal 201)
   defining Unicode char U+00CA (decimal 202)
   defining Unicode char U+00CB (decimal 203)
   defining Unicode char U+00CC (decimal 204)
   defining Unicode char U+00CD (decimal 205)
   defining Unicode char U+00CE (decimal 206)
   defining Unicode char U+00CF (decimal 207)
   defining Unicode char U+00D0 (decimal 208)
   defining Unicode char U+00D1 (decimal 209)
   defining Unicode char U+00D2 (decimal 210)
   defining Unicode char U+00D3 (decimal 211)
   defining Unicode char U+00D4 (decimal 212)
   defining Unicode char U+00D5 (decimal 213)
   defining Unicode char U+00D6 (decimal 214)
   defining Unicode char U+00D8 (decimal 216)
   defining Unicode char U+00D9 (decimal 217)
   defining Unicode char U+00DA (decimal 218)
   defining Unicode char U+00DB (decimal 219)
   defining Unicode char U+00DC (decimal 220)
   defining Unicode char U+00DD (decimal 221)
   defining Unicode char U+00DE (decimal 222)
   defining Unicode char U+00DF (decimal 223)
   defining Unicode char U+00E0 (decimal 224)
   defining Unicode char U+00E1 (decimal 225)
   defining Unicode char U+00E2 (decimal 226)
   defining Unicode char U+00E3 (decimal 227)
   defining Unicode char U+00E4 (decimal 228)
   defining Unicode char U+00E5 (decimal 229)
   defining Unicode char U+00E6 (decimal 230)
   defining Unicode char U+00E7 (decimal 231)
   defining Unicode char U+00E8 (decimal 232)
   defining Unicode char U+00E9 (decimal 233)
   defining Unicode char U+00EA (decimal 234)
   defining Unicode char U+00EB (decimal 235)
   defining Unicode char U+00EC (decimal 236)
   defining Unicode char U+00ED (decimal 237)
   defining Unicode char U+00EE (decimal 238)
   defining Unicode char U+00EF (decimal 239)
   defining Unicode char U+00F0 (decimal 240)
   defining Unicode char U+00F1 (decimal 241)
   defining Unicode char U+00F2 (decimal 242)
   defining Unicode char U+00F3 (decimal 243)
   defining Unicode char U+00F4 (decimal 244)
   defining Unicode char U+00F5 (decimal 245)
   defining Unicode char U+00F6 (decimal 246)
   defining Unicode char U+00F8 (decimal 248)
   defining Unicode char U+00F9 (decimal 249)
   defining Unicode char U+00FA (decimal 250)
   defining Unicode char U+00FB (decimal 251)
   defining Unicode char U+00FC (decimal 252)
   defining Unicode char U+00FD (decimal 253)
   defining Unicode char U+00FE (decimal 254)
   defining Unicode char U+00FF (decimal 255)
   defining Unicode char U+0102 (decimal 258)
   defining Unicode char U+0103 (decimal 259)
   defining Unicode char U+0104 (decimal 260)
   defining Unicode char U+0105 (decimal 261)
   defining Unicode char U+0106 (decimal 262)
   defining Unicode char U+0107 (decimal 263)
   defining Unicode char U+010C (decimal 268)
   defining Unicode char U+010D (decimal 269)
   defining Unicode char U+010E (decimal 270)
   defining Unicode char U+010F (decimal 271)
   defining Unicode char U+0110 (decimal 272)
   defining Unicode char U+0111 (decimal 273)
   defining Unicode char U+0118 (decimal 280)
   defining Unicode char U+0119 (decimal 281)
   defining Unicode char U+011A (decimal 282)
   defining Unicode char U+011B (decimal 283)
   defining Unicode char U+011E (decimal 286)
   defining Unicode char U+011F (decimal 287)
   defining Unicode char U+0130 (decimal 304)
   defining Unicode char U+0131 (decimal 305)
   defining Unicode char U+0132 (decimal 306)
   defining Unicode char U+0133 (decimal 307)
   defining Unicode char U+0139 (decimal 313)
   defining Unicode char U+013A (decimal 314)
   defining Unicode char U+013D (decimal 317)
   defining Unicode char U+013E (decimal 318)
   defining Unicode char U+0141 (decimal 321)
   defining Unicode char U+0142 (decimal 322)
   defining Unicode char U+0143 (decimal 323)
   defining Unicode char U+0144 (decimal 324)
   defining Unicode char U+0147 (decimal 327)
   defining Unicode char U+0148 (decimal 328)
   defining Unicode char U+014A (decimal 330)
   defining Unicode char U+014B (decimal 331)
   defining Unicode char U+0150 (decimal 336)
   defining Unicode char U+0151 (decimal 337)
   defining Unicode char U+0152 (decimal 338)
   defining Unicode char U+0153 (decimal 339)
   defining Unicode char U+0154 (decimal 340)
   defining Unicode char U+0155 (decimal 341)
   defining Unicode char U+0158 (decimal 344)
   defining Unicode char U+0159 (decimal 345)
   defining Unicode char U+015A (decimal 346)
   defining Unicode char U+015B (decimal 347)
   defining Unicode char U+015E (decimal 350)
   defining Unicode char U+015F (decimal 351)
   defining Unicode char U+0160 (decimal 352)
   defining Unicode char U+0161 (decimal 353)
   defining Unicode char U+0162 (decimal 354)
   defining Unicode char U+0163 (decimal 355)
   defining Unicode char U+0164 (decimal 356)
   defining Unicode char U+0165 (decimal 357)
   defining Unicode char U+016E (decimal 366)
   defining Unicode char U+016F (decimal 367)
   defining Unicode char U+0170 (decimal 368)
   defining Unicode char U+0171 (decimal 369)
   defining Unicode char U+0178 (decimal 376)
   defining Unicode char U+0179 (decimal 377)
   defining Unicode char U+017A (decimal 378)
   defining Unicode char U+017B (decimal 379)
   defining Unicode char U+017C (decimal 380)
   defining Unicode char U+017D (decimal 381)
   defining Unicode char U+017E (decimal 382)
   defining Unicode char U+200C (decimal 8204)
   defining Unicode char U+2013 (decimal 8211)
   defining Unicode char U+2014 (decimal 8212)
   defining Unicode char U+2018 (decimal 8216)
   defining Unicode char U+2019 (decimal 8217)
   defining Unicode char U+201A (decimal 8218)
   defining Unicode char U+201C (decimal 8220)
   defining Unicode char U+201D (decimal 8221)
   defining Unicode char U+201E (decimal 8222)
   defining Unicode char U+2030 (decimal 8240)
   defining Unicode char U+2031 (decimal 8241)
   defining Unicode char U+2039 (decimal 8249)
   defining Unicode char U+203A (decimal 8250)
   defining Unicode char U+2423 (decimal 9251)
)
Now handling font encoding OT1 ...
... processing UTF-8 mapping file for font encodingOT1

("E:\Program Files\MiKTeX 2.8\tex\latex\base\ot1enc.dfu"
File: ot1enc.dfu 2006/03/30 v1.1i UTF-8 support for inputenc
   defining Unicode char U+00A1 (decimal 161)
   defining Unicode char U+00A3 (decimal 163)
   defining Unicode char U+00B8 (decimal 184)
   defining Unicode char U+00BF (decimal 191)
   defining Unicode char U+00C5 (decimal 197)
   defining Unicode char U+00C6 (decimal 198)
   defining Unicode char U+00D8 (decimal 216)
   defining Unicode char U+00DF (decimal 223)
   defining Unicode char U+00E6 (decimal 230)
   defining Unicode char U+00EC (decimal 236)
   defining Unicode char U+00ED (decimal 237)
   defining Unicode char U+00EE (decimal 238)
   defining Unicode char U+00EF (decimal 239)
   defining Unicode char U+00F8 (decimal 248)
   defining Unicode char U+0131 (decimal 305)
   defining Unicode char U+0141 (decimal 321)
   defining Unicode char U+0142 (decimal 322)
   defining Unicode char U+0152 (decimal 338)
   defining Unicode char U+0153 (decimal 339)
   defining Unicode char U+2013 (decimal 8211)
   defining Unicode char U+2014 (decimal 8212)
   defining Unicode char U+2018 (decimal 8216)
   defining Unicode char U+2019 (decimal 8217)
   defining Unicode char U+201C (decimal 8220)
   defining Unicode char U+201D (decimal 8221)
)
Now handling font encoding OMS ...
... processing UTF-8 mapping file for font encodingOMS

("E:\Program Files\MiKTeX 2.8\tex\latex\base\omsenc.dfu"
File: omsenc.dfu 2006/03/30 v1.1i UTF-8 support for inputenc
   defining Unicode char U+00A7 (decimal 167)
   defining Unicode char U+00B6 (decimal 182)
   defining Unicode char U+00B7 (decimal 183)
   defining Unicode char U+2020 (decimal 8224)
   defining Unicode char U+2021 (decimal 8225)
   defining Unicode char U+2022 (decimal 8226)
)
Now handling font encoding OMX ...
... no UTF-8 mapping file for font encoding OMX
Now handling font encoding U ...
... no UTF-8 mapping file for font encoding U
   defining Unicode char U+00A9 (decimal 169)
   defining Unicode char U+00AA (decimal 170)
   defining Unicode char U+00AE (decimal 174)
   defining Unicode char U+00BA (decimal 186)
   defining Unicode char U+02C6 (decimal 710)
   defining Unicode char U+02DC (decimal 732)
   defining Unicode char U+200C (decimal 8204)
   defining Unicode char U+2026 (decimal 8230)
   defining Unicode char U+2122 (decimal 8482)
   defining Unicode char U+2423 (decimal 9251)
))
("E:\Program Files\MiKTeX 2.8\tex\latex\graphics\graphicx.sty"
Package: graphicx 1999/02/16 v1.0f Enhanced LaTeX Graphics (DPC,SPQR)

("E:\Program Files\MiKTeX 2.8\tex\latex\graphics\graphics.sty"
Package: graphics 2006/02/20 v1.0o Standard LaTeX Graphics (DPC,SPQR)

("E:\Program Files\MiKTeX 2.8\tex\latex\graphics\trig.sty"
Package: trig 1999/03/16 v1.09 sin cos tan (DPC)
)
("E:\Program Files\MiKTeX 2.8\tex\latex\00miktex\graphics.cfg"
File: graphics.cfg 2007/01/18 v1.5 graphics configuration of teTeX/TeXLive
)
Package graphics Info: Driver file: pdftex.def on input line 90.

("E:\Program Files\MiKTeX 2.8\tex\latex\pdftex-def\pdftex.def"
File: pdftex.def 2009/08/25 v0.04m Graphics/color for pdfTeX
\Gread@gobject=\count91
))
\Gin@req@height=\dimen107
\Gin@req@width=\dimen108
)
("E:\Program Files\MiKTeX 2.8\tex\latex\natbib\natbib.sty"
Package: natbib 2010/09/13 8.31b (PWD, AO)
\bibhang=\skip47
\bibsep=\skip48
LaTeX Info: Redefining \cite on input line 694.
\c@NAT@ctr=\count92
)
("E:\Program Files\MiKTeX 2.8\tex\latex\koma-script\scrpage2.sty"
Package: scrpage2 2010/04/22 v2.5 LaTeX2e KOMA-Script package
LaTeX Info: Redefining \pagemark on input line 176.
)
("E:\Program Files\MiKTeX 2.8\tex\latex\bbm\bbm.sty"
Package: bbm 1999/03/15 V 1.2 provides fonts for set symbols - TH
LaTeX Font Info:    Overwriting math alphabet `\mathbbm' in version `bold'
(Font)                  U/bbm/m/n --> U/bbm/bx/n on input line 33.
LaTeX Font Info:    Overwriting math alphabet `\mathbbmss' in version `bold'
(Font)                  U/bbmss/m/n --> U/bbmss/bx/n on input line 35.
)
("E:\Program Files\MiKTeX 2.8\tex\latex\caption\caption.sty"
Package: caption 2010/01/09 v3.1m Customizing captions (AR)

("E:\Program Files\MiKTeX 2.8\tex\latex\caption\caption3.sty"
Package: caption3 2010/01/14 v3.1m caption3 kernel (AR)
\captionmargin=\dimen109
\captionmargin@=\dimen110
\captionwidth=\dimen111
\caption@indent=\dimen112
\caption@parindent=\dimen113
\caption@hangindent=\dimen114
)
Package caption Info: KOMA-Script document class.


Package caption Warning: Option `tableposition=top' has no effect
(caption)                when used with a KOMA script document class.
See the caption package documentation for explanation.

\c@ContinuedFloat=\count93
)
\c@listing=\count94
\c@float@type=\count95
\float@exts=\toks18
 ("E:\Program Files\MiKTeX 2.8\tex\latex\ltxmisc\boxedminipage.sty")
("E:\Program Files\MiKTeX 2.8\tex\latex\float\float.sty"
Package: float 2001/11/08 v1.3d Float enhancements (AL)


! LaTeX Error: Command \c@float@type already defined.
               Or name \end... illegal, see p.192 of the manual.

See the LaTeX manual or LaTeX Companion for explanation.
Type  H <return>  for immediate help.
 ...                                              
                                                  
l.24 \newcounter{float@type}
                            
Your command was ignored.
Type  I <command> <return>  to replace it with another command,
or  <return>  to continue without it.

\float@exts=\toks19
\float@box=\box27
\@float@everytoks=\toks20
\@floatcapt=\box28

! LaTeX Error: Command \float@addtolists already defined.
               Or name \end... illegal, see p.192 of the manual.

See the LaTeX manual or LaTeX Companion for explanation.
Type  H <return>  for immediate help.
 ...                                              
                                                  
l.139 ...\addtocontents{##1}{#1}} \the\float@exts}
                                                  
Your command was ignored.
Type  I <command> <return>  to replace it with another command,
or  <return>  to continue without it.

) (E:/PROGRA~1/R/R-30~1.1/share/texmf/tex/latex\Sweave.sty
Package: Sweave 

("E:\Program Files\MiKTeX 2.8\tex\latex\base\ifthen.sty"
Package: ifthen 2001/05/26 v1.1c Standard LaTeX ifthen package (DPC)
)
("E:\Program Files\MiKTeX 2.8\tex\latex\fancyvrb\fancyvrb.sty"
Package: fancyvrb 2008/02/07

Style option: `fancyvrb' v2.7a, with DG/SPQR fixes, and firstline=lastline fix 
<2008/02/07> (tvz)
\FV@CodeLineNo=\count96
\FV@InFile=\read1
\FV@TabBox=\box29
\c@FancyVerbLine=\count97
\FV@StepNumber=\count98
\FV@OutFile=\write3
) ("E:\Program Files\MiKTeX 2.8\tex\latex\upquote\upquote.sty"
Package: upquote 2012/04/19 v1.3 upright-quote and grave-accent glyphs in verba
tim
) ("E:\Program Files\MiKTeX 2.8\tex\latex\base\fontenc.sty"
Package: fontenc 2005/09/27 v1.99g Standard LaTeX package

("E:\Program Files\MiKTeX 2.8\tex\latex\base\t1enc.def"
File: t1enc.def 2005/09/27 v1.99g Standard LaTeX file
LaTeX Font Info:    Redeclaring font encoding T1 on input line 43.
))
("E:\Program Files\MiKTeX 2.8\tex\latex\ae\ae.sty"
Package: ae 2001/02/12 1.3 Almost European Computer Modern

("E:\Program Files\MiKTeX 2.8\tex\latex\base\fontenc.sty"
Package: fontenc 2005/09/27 v1.99g Standard LaTeX package

("E:\Program Files\MiKTeX 2.8\tex\latex\base\t1enc.def"
File: t1enc.def 2005/09/27 v1.99g Standard LaTeX file
LaTeX Font Info:    Redeclaring font encoding T1 on input line 43.
)
LaTeX Font Info:    Try loading font information for T1+aer on input line 100.

("E:\Program Files\MiKTeX 2.8\tex\latex\ae\t1aer.fd"
File: t1aer.fd 1997/11/16 Font definitions for T1/aer.
))))
No file report.aux.
LaTeX Font Info:    Checking defaults for OML/cmm/m/it on input line 54.
LaTeX Font Info:    ... okay on input line 54.
LaTeX Font Info:    Checking defaults for T1/cmr/m/n on input line 54.
LaTeX Font Info:    ... okay on input line 54.
LaTeX Font Info:    Checking defaults for OT1/cmr/m/n on input line 54.
LaTeX Font Info:    ... okay on input line 54.
LaTeX Font Info:    Checking defaults for OMS/cmsy/m/n on input line 54.
LaTeX Font Info:    ... okay on input line 54.
LaTeX Font Info:    Checking defaults for OMX/cmex/m/n on input line 54.
LaTeX Font Info:    ... okay on input line 54.
LaTeX Font Info:    Checking defaults for U/cmr/m/n on input line 54.
LaTeX Font Info:    ... okay on input line 54.
*geometry auto-detecting driver*
*geometry detected driver: pdftex*
-------------------- Geometry parameters
paper: a4paper
landscape: --
twocolumn: --
twoside: --
asymmetric: --
h-parts: 85.35826pt, 455.24411pt, 56.9055pt
v-parts: 62.59596pt, 682.86624pt, 99.58464pt
hmarginratio: --
vmarginratio: --
lines: --
heightrounded: --
bindingoffset: 0.0pt
truedimen: --
includehead: --
includefoot: --
includemp: --
driver: pdftex
-------------------- Page layout dimensions and switches
\paperwidth  597.50787pt
\paperheight 845.04684pt
\textwidth  455.24411pt
\textheight 682.86624pt
\oddsidemargin  13.08827pt
\evensidemargin 13.08827pt
\topmargin  -49.54903pt
\headheight 18.125pt
\headsep    21.75pt
\footskip   50.75pt
\marginparwidth 49.79233pt
\marginparsep   12.8401pt
\columnsep  10.0pt
\skip\footins  10.8pt plus 4.0pt minus 2.0pt
\hoffset 0.0pt
\voffset 0.0pt
\mag 1000

(1in=72.27pt, 1cm=28.45pt)
-----------------------
("E:\Program Files\MiKTeX 2.8\tex\context\base\supp-pdf.mkii"
[Loading MPS to PDF converter (version 2006.09.02).]
\scratchcounter=\count99
\scratchdimen=\dimen115
\scratchbox=\box30
\nofMPsegments=\count100
\nofMParguments=\count101
\everyMPshowfont=\toks21
\MPscratchCnt=\count102
\MPscratchDim=\dimen116
\MPnumerator=\count103
\makeMPintoPDFobject=\count104
\everyMPtoPDFconversion=\toks22
)
Package caption Info: Begin \AtBeginDocument code.
Package caption Info: float package is loaded.
Package caption Info: End \AtBeginDocument code.

("F:\Dokumente\eigene Dokumente\Studium\Master\2. Sem\Data Analytics\case studi
es\Report\report-concordance.tex")
LaTeX Font Info:    Try loading font information for T1+aess on input line 58.

("E:\Program Files\MiKTeX 2.8\tex\latex\ae\t1aess.fd"
File: t1aess.fd 1997/11/16 Font definitions for T1/aess.
)
LaTeX Font Info:    External font `cmex10' loaded for size
(Font)              <17.28> on input line 58.
LaTeX Font Info:    External font `cmex10' loaded for size
(Font)              <12> on input line 58.
 [1

{C:/Users/Carlos/AppData/Local/MiKTeX/2.8/pdftex/config/pdftex.map}]
("F:\Dokumente\eigene Dokumente\Studium\Master\2. Sem\Data Analytics\case studi
es\Report\report.toc"
LaTeX Font Info:    External font `cmex10' loaded for size
(Font)              <8> on input line 2.
LaTeX Font Info:    External font `cmex10' loaded for size
(Font)              <6> on input line 2.
)
\tf@toc=\write4
 [2] [1]
<report-chisqSampleHist.pdf, id=16, 433.62pt x 433.62pt>
File: report-chisqSampleHist.pdf Graphic file (type pdf)

<use report-chisqSampleHist.pdf>

LaTeX Warning: Reference `fig:chisqSampleHist' on page 2 undefined on input lin
e 98.


LaTeX Warning: `!h' float specifier changed to `!ht'.

[2]
LaTeX Font Info:    Try loading font information for T1+aett on input line 118.

 ("E:\Program Files\MiKTeX 2.8\tex\latex\ae\t1aett.fd"
File: t1aett.fd 1997/11/16 Font definitions for T1/aett.
) [3 <F:/Dokumente/eigene Dokumente/Studium/Master/2. Sem/Data Analytics/case s
tudies/Report/report-chisqSampleHist.pdf>] [4] [5]
Overfull \hbox (11.67815pt too wide) in paragraph at lines 242--244
\T1/aer/m/n/12 The op-ti-mal pa-ram-e-ter for spe-cific ob-ser-va-tions $\OML/c
mm/m/it/12 x[]; [] ; x[]$ \T1/aer/m/n/12 can be de-ter-mined by a maximum-
 []


LaTeX Warning: Reference `fig:transformationUnimodal' on page 6 undefined on in
put line 251.


LaTeX Warning: Reference `fig:transformationBimodal' on page 6 undefined on inp
ut line 251.

[6] <report-transformationUnimodal.pdf, id=53, 433.62pt x 433.62pt>
File: report-transformationUnimodal.pdf Graphic file (type pdf)

<use report-transformationUnimodal.pdf> [7 <F:/Dokumente/eigene Dokumente/Studi
um/Master/2. Sem/Data Analytics/case studies/Report/report-transformationUnimod
al.pdf>] <report-transformationBimodal.pdf, id=63, 433.62pt x 433.62pt>
File: report-transformationBimodal.pdf Graphic file (type pdf)

<use report-transformationBimodal.pdf> [8 <F:/Dokumente/eigene Dokumente/Studiu
m/Master/2. Sem/Data Analytics/case studies/Report/report-transformationBimodal
.pdf>]
! Undefined control sequence.
<recently read> \Simga 
                       
l.280 ...box{exp}\left\{-\frac{1}{2}(x-\mu)'\Simga
                                                  ^{-1}(x-\mu)\right\}\]
The control sequence at the end of the top line
of your error message was never \def'ed. If you have
misspelled it (e.g., `\hobx'), type `I' and the correct
spelling (e.g., `I\hbox'). Otherwise just continue,
and I'll forget about whatever was undefined.

! Double superscript.
l.280 ...ox{exp}\left\{-\frac{1}{2}(x-\mu)'\Simga^
                                                  {-1}(x-\mu)\right\}\]
I treat `x^1^2' essentially like `x^1{}^2'.

<report-plotMVNSim.pdf, id=73, 433.62pt x 433.62pt>
File: report-plotMVNSim.pdf Graphic file (type pdf)

<use report-plotMVNSim.pdf> [9 <F:/Dokumente/eigene Dokumente/Studium/Master/2.
 Sem/Data Analytics/case studies/Report/report-plotMVNSim.pdf>]

LaTeX Warning: Reference `sec:methods' on page 10 undefined on input line 299.


LaTeX Warning: Reference `tab:zeros' on page 10 undefined on input line 299.


LaTeX Warning: Reference `sec:chisq-theoretical' on page 10 undefined on input 
line 325.


LaTeX Warning: Reference `tab:chi-full' on page 10 undefined on input line 325.



LaTeX Warning: `!h' float specifier changed to `!ht'.


LaTeX Warning: Reference `tab:chi-type1' on page 10 undefined on input line 341
.


LaTeX Warning: Reference `tab:testresChisqFreqNaType1' on page 10 undefined on 
input line 341.


LaTeX Warning: Reference `fig:chisqType1Na' on page 10 undefined on input line 
341.

[10] <report-chisqType1Na.pdf, id=85, 433.62pt x 433.62pt>
File: report-chisqType1Na.pdf Graphic file (type pdf)

<use report-chisqType1Na.pdf>

LaTeX Warning: `!h' float specifier changed to `!ht'.


LaTeX Warning: Reference `tab:chi-type2' on page 11 undefined on input line 375
.


LaTeX Warning: `h' float specifier changed to `ht'.


LaTeX Warning: Reference `tab:chi-type7' on page 11 undefined on input line 390
.

[11]

LaTeX Warning: `!h' float specifier changed to `!ht'.


LaTeX Warning: Reference `sec:chisq-theoretical' on page 12 undefined on input 
line 404.


LaTeX Warning: Reference `tab:chi-full-30' on page 12 undefined on input line 4
04.


LaTeX Warning: Reference `tab:chi-type7-30' on page 12 undefined on input line 
404.

[12 <F:/Dokumente/eigene Dokumente/Studium/Master/2. Sem/Data Analytics/case st
udies/Report/report-chisqType1Na.pdf>]

LaTeX Warning: Reference `tab:chi-full-trans' on page 13 undefined on input lin
e 419.


LaTeX Warning: `!h' float specifier changed to `!ht'.


LaTeX Warning: Reference `tab:chi-type1-trans' on page 13 undefined on input li
ne 435.


LaTeX Warning: Reference `fig:chisqType1Ca' on page 13 undefined on input line 
435.


LaTeX Warning: Reference `fig:chisqType1CaTrans' on page 13 undefined on input 
line 435.

[13] <report-chisqType1Ca.pdf, id=104, 433.62pt x 433.62pt>
File: report-chisqType1Ca.pdf Graphic file (type pdf)

<use report-chisqType1Ca.pdf>

LaTeX Warning: `!h' float specifier changed to `!ht'.

<report-chisqType1CaTrans.pdf, id=105, 433.62pt x 433.62pt>
File: report-chisqType1CaTrans.pdf Graphic file (type pdf)

<use report-chisqType1CaTrans.pdf>

LaTeX Warning: `!h' float specifier changed to `!ht'.


LaTeX Warning: Reference `tab:chi-type2-trans' on page 14 undefined on input li
ne 468.


LaTeX Warning: Reference `tab:chi-type7-trans' on page 14 undefined on input li
ne 483.

[14] [15 <F:/Dokumente/eigene Dokumente/Studium/Master/2. Sem/Data Analytics/ca
se studies/Report/report-chisqType1Ca.pdf>] [16 <F:/Dokumente/eigene Dokumente/
Studium/Master/2. Sem/Data Analytics/case studies/Report/report-chisqType1CaTra
ns.pdf>]

LaTeX Warning: Reference `Intr' on page 17 undefined on input line 515.


Package natbib Warning: Citation `sqltuerker' on page 17 undefined on input lin
e 518.


Package natbib Warning: Citation `journals/jods/VolzSM05' on page 17 undefined 
on input line 518.


Package natbib Warning: Citation `das' on page 17 undefined on input line 518.


Underfull \hbox (badness 10000) in paragraph at lines 518--521

 []

<images/ercis.png, id=131, 45.16875pt x 135.50626pt>
File: images/ercis.png Graphic file (type png)
 <use images/ercis.png>
[17 <F:/Dokumente/eigene Dokumente/Studium/Master/2. Sem/Data Analytics/case st
udies/Report/images/ercis.png>]

LaTeX Warning: Reference `tab' on page 18 undefined on input line 533.


LaTeX Warning: Reference `tab' on page 18 undefined on input line 533.


LaTeX Warning: Reference `ERCIS_Logo' on page 18 undefined on input line 549.


LaTeX Warning: Reference `ERCIS_Logo' on page 18 undefined on input line 549.

[18]

LaTeX Warning: `!h' float specifier changed to `!ht'.

<report-chisqType2Na.pdf, id=141, 433.62pt x 433.62pt>
File: report-chisqType2Na.pdf Graphic file (type pdf)

<use report-chisqType2Na.pdf>

LaTeX Warning: `!h' float specifier changed to `!ht'.

<report-chisqType2Na-30.pdf, id=142, 433.62pt x 433.62pt>
File: report-chisqType2Na-30.pdf Graphic file (type pdf)

<use report-chisqType2Na-30.pdf>

LaTeX Warning: `!h' float specifier changed to `!ht'.

<report-chisqType2Al.pdf, id=143, 433.62pt x 433.62pt>
File: report-chisqType2Al.pdf Graphic file (type pdf)

<use report-chisqType2Al.pdf>

LaTeX Warning: `!h' float specifier changed to `!ht'.

<report-chisqType2Al-30.pdf, id=144, 433.62pt x 433.62pt>
File: report-chisqType2Al-30.pdf Graphic file (type pdf)

<use report-chisqType2Al-30.pdf>

LaTeX Warning: `!h' float specifier changed to `!ht'.

[1]
("F:\Dokumente\eigene Dokumente\Studium\Master\2. Sem\Data Analytics\case studi
es\Report\report.lof" [2 <F:/Dokumente/eigene Dokumente/Studium/Master/2. Sem/D
ata Analytics/case studies/Report/report-chisqType2Na.pdf>] [3 <F:/Dokumente/ei
gene Dokumente/Studium/Master/2. Sem/Data Analytics/case studies/Report/report-
chisqType2Na-30.pdf> <F:/Dokumente/eigene Dokumente/Studium/Master/2. Sem/Data 
Analytics/case studies/Report/report-chisqType2Al.pdf>])
\tf@lof=\write5

("F:\Dokumente\eigene Dokumente\Studium\Master\2. Sem\Data Analytics\case studi
es\Report\report.lot" [4 <F:/Dokumente/eigene Dokumente/Studium/Master/2. Sem/D
ata Analytics/case studies/Report/report-chisqType2Al-30.pdf>])
\tf@lot=\write6

("F:\Dokumente\eigene Dokumente\Studium\Master\2. Sem\Data Analytics\case studi
es\Report\report.bbl"

Package natbib Warning: Empty `thebibliography' environment on input line 3.

)

Package natbib Warning: There were undefined citations.

[5]
("F:\Dokumente\eigene Dokumente\Studium\Master\2. Sem\Data Analytics\case studi
es\Report\report.aux")

LaTeX Warning: There were undefined references.


LaTeX Warning: Label(s) may have changed. Rerun to get cross-references right.

 ) 
Here is how much of TeX's memory you used:
 5121 strings out of 495285
 78217 string characters out of 3180390
 171446 words of memory out of 3000000
 8192 multiletter control sequences out of 15000+200000
 35397 words of font info for 74 fonts, out of 3000000 for 9000
 14 hyphenation exceptions out of 8191
 42i,10n,47p,1809b,350s stack positions out of 5000i,500n,10000p,200000b,50000s
<E:/Program Files/MiKTeX 2.8/fonts/type1/public/amsfonts/cm/cmbx10.pfb><E:/Pr
ogram Files/MiKTeX 2.8/fonts/type1/public/amsfonts/cm/cmbx12.pfb><E:/Program Fi
les/MiKTeX 2.8/fonts/type1/public/amsfonts/cm/cmex10.pfb><E:/Program Files/MiKT
eX 2.8/fonts/type1/public/amsfonts/cm/cmmi12.pfb><E:/Program Files/MiKTeX 2.8/f
onts/type1/public/amsfonts/cm/cmmi6.pfb><E:/Program Files/MiKTeX 2.8/fonts/type
1/public/amsfonts/cm/cmmi8.pfb><E:/Program Files/MiKTeX 2.8/fonts/type1/public/
amsfonts/cm/cmr10.pfb><E:/Program Files/MiKTeX 2.8/fonts/type1/public/amsfonts/
cm/cmr12.pfb><E:/Program Files/MiKTeX 2.8/fonts/type1/public/amsfonts/cm/cmr17.
pfb><E:/Program Files/MiKTeX 2.8/fonts/type1/public/amsfonts/cm/cmr8.pfb><E:/Pr
ogram Files/MiKTeX 2.8/fonts/type1/public/amsfonts/cm/cmsl12.pfb><E:/Program Fi
les/MiKTeX 2.8/fonts/type1/public/amsfonts/cm/cmsltt10.pfb><E:/Program Files/Mi
KTeX 2.8/fonts/type1/public/amsfonts/cm/cmssbx10.pfb><E:/Program Files/MiKTeX 2
.8/fonts/type1/public/amsfonts/cm/cmsy10.pfb><E:/Program Files/MiKTeX 2.8/fonts
/type1/public/amsfonts/cm/cmsy8.pfb>
Output written on report.pdf (25 pages, 446255 bytes).
PDF statistics:
 240 PDF objects out of 1000 (max. 8388607)
 0 named destinations out of 1000 (max. 500000)
 65 words of extra memory for PDF output out of 10000 (max. 10000000)

